<?xml version="1.0" encoding="UTF-8"?>
<!-- Generated by org.testng.reporters.JUnitReportReporter -->
<testsuite hostname="DESKTOP-2BBJT9H" failures="0" tests="2" name="TestNG.MainTestNG" time="13.350" errors="0" timestamp="2023-03-06T14:18:17 IST" skipped="0">
  <testcase classname="TestNG.MainTestNG" name="VerifyLogininFunctionalityWithCorrectData" time="13.288"/>
  <system-out/>
  <testcase classname="TestNG.MainTestNG" name="VerifyAdmin" time="0.062"/>
  <system-out/>
</testsuite> <!-- TestNG.MainTestNG -->
